android/app/build/intermediates/manifest_merge_blame_file/debug/manifest-merger-blame-debug-report.txt
1<?xml version="1.0" encoding="utf-8"?>
2<manifest xmlns:android="http://schemas.android.com/apk/res/android"
3    package="com.tcc"
4    android:versionCode="1"
5    android:versionName="1.0" >
6
7    <uses-sdk
8        android:minSdkVersion="21"
9        android:targetSdkVersion="30" />
10
11    <uses-permission android:name="android.permission.SYSTEM_ALERT_WINDOW" />
11-->src/debug/AndroidManifest.xml:5:5-77
11-->src/debug/AndroidManifest.xml:5:22-75
12    <uses-permission android:name="android.permission.INTERNET" />
12-->src/main/AndroidManifest.xml:4:5-67
12-->src/main/AndroidManifest.xml:4:22-64
13    <uses-permission android:name="android.permission.CAMERA" />
13-->src/main/AndroidManifest.xml:5:5-65
13-->src/main/AndroidManifest.xml:5:22-62
14    <uses-permission android:name="android.permission.RECORD_AUDIO" />
14-->src/main/AndroidManifest.xml:6:5-71
14-->src/main/AndroidManifest.xml:6:22-68
15    <uses-permission android:name="android.permission.READ_EXTERNAL_STORAGE" />
15-->src/main/AndroidManifest.xml:7:5-79
15-->src/main/AndroidManifest.xml:7:22-77
16    <uses-permission android:name="android.permission.WRITE_EXTERNAL_STORAGE" />
16-->src/main/AndroidManifest.xml:8:5-80
16-->src/main/AndroidManifest.xml:8:22-78
17    <uses-permission android:name="android.permission.READ_CONTACTS" />
17-->src/main/AndroidManifest.xml:9:5-71
17-->src/main/AndroidManifest.xml:9:22-69
18    <uses-permission android:name="android.permission.WRITE_CONTACTS" />
18-->src/main/AndroidManifest.xml:10:5-72
18-->src/main/AndroidManifest.xml:10:22-70
19    <uses-permission android:name="android.permission.READ_PROFILE" />
19-->src/main/AndroidManifest.xml:11:5-71
19-->src/main/AndroidManifest.xml:11:22-68
20    <uses-permission android:name="android.permission.ACCESS_NOTIFICATION_POLICY" />
20-->src/main/AndroidManifest.xml:12:5-85
20-->src/main/AndroidManifest.xml:12:22-82
21    <uses-permission android:name="android.permission.APP_NOTIFICATION_SETTINGS" />
21-->src/main/AndroidManifest.xml:13:5-84
21-->src/main/AndroidManifest.xml:13:22-81
22    <uses-permission android:name="android.permission.FOREGROUND_SERVICE" />
22-->src/main/AndroidManifest.xml:14:5-77
22-->src/main/AndroidManifest.xml:14:22-74
23    <uses-permission android:name="android.permission.WAKE_LOCK" />
23-->src/main/AndroidManifest.xml:15:7-70
23-->src/main/AndroidManifest.xml:15:24-67
24    <uses-permission android:name="android.permission.ACCESS_WIFI_STATE" />
24-->[com.facebook.flipper:flipper:0.99.0] AndroidManifest.xml:16:5-76
24-->[com.facebook.flipper:flipper:0.99.0] AndroidManifest.xml:16:22-73
25
26    <uses-feature
26-->[:react-native-camera] AndroidManifest.xml:11:5-13:36
27        android:name="android.hardware.camera"
27-->[:react-native-camera] AndroidManifest.xml:12:9-47
28        android:required="false" />
28-->[:react-native-camera] AndroidManifest.xml:13:9-33
29    <uses-feature
29-->[:react-native-camera] AndroidManifest.xml:14:5-16:36
30        android:name="android.hardware.camera.autofocus"
30-->[:react-native-camera] AndroidManifest.xml:15:9-57
31        android:required="false" />
31-->[:react-native-camera] AndroidManifest.xml:16:9-33
32
33    <uses-permission android:name="android.permission.ACCESS_NETWORK_STATE" />
33-->[androidx.work:work-runtime:2.7.1] AndroidManifest.xml:26:5-79
33-->[androidx.work:work-runtime:2.7.1] AndroidManifest.xml:26:22-76
34    <uses-permission android:name="android.permission.RECEIVE_BOOT_COMPLETED" /> <!-- Required by older versions of Google Play services to create IID tokens -->
34-->[androidx.work:work-runtime:2.7.1] AndroidManifest.xml:27:5-81
34-->[androidx.work:work-runtime:2.7.1] AndroidManifest.xml:27:22-78
35    <uses-permission android:name="com.google.android.c2dm.permission.RECEIVE" />
35-->[com.google.firebase:firebase-messaging:21.1.0] AndroidManifest.xml:25:5-82
35-->[com.google.firebase:firebase-messaging:21.1.0] AndroidManifest.xml:25:22-79
36    <uses-permission android:name="android.permission.VIBRATE" />
36-->[app.notifee:core:202108261754] AndroidManifest.xml:12:5-66
36-->[app.notifee:core:202108261754] AndroidManifest.xml:12:22-63
37    <uses-permission android:name="android.permission.USE_FULL_SCREEN_INTENT" />
37-->[app.notifee:core:202108261754] AndroidManifest.xml:15:5-81
37-->[app.notifee:core:202108261754] AndroidManifest.xml:15:22-78
38    <uses-permission android:name="android.permission.SCHEDULE_EXACT_ALARM" />
38-->[app.notifee:core:202108261754] AndroidManifest.xml:16:5-79
38-->[app.notifee:core:202108261754] AndroidManifest.xml:16:22-76
39    <uses-permission
39-->[app.notifee:core:202108261754] AndroidManifest.xml:17:5-19:38
40        android:name="android.permission.BROADCAST_CLOSE_SYSTEM_DIALOGS"
40-->[app.notifee:core:202108261754] AndroidManifest.xml:18:9-73
41        android:maxSdkVersion="30" /> <!-- for android -->
41-->[app.notifee:core:202108261754] AndroidManifest.xml:19:9-35
42    <!-- <uses-permission android:name="com.android.launcher.permission.READ_SETTINGS"/> -->
43    <!-- <uses-permission android:name="com.android.launcher.permission.WRITE_SETTINGS"/> -->
44    <!-- <uses-permission android:name="com.android.launcher.permission.INSTALL_SHORTCUT" /> -->
45    <!-- <uses-permission android:name="com.android.launcher.permission.UNINSTALL_SHORTCUT" /> -->
46    <!-- for Samsung -->
47    <uses-permission android:name="com.sec.android.provider.badge.permission.READ" />
47-->[me.leolin:ShortcutBadger:1.1.22] AndroidManifest.xml:19:5-86
47-->[me.leolin:ShortcutBadger:1.1.22] AndroidManifest.xml:19:22-83
48    <uses-permission android:name="com.sec.android.provider.badge.permission.WRITE" /> <!-- for htc -->
48-->[me.leolin:ShortcutBadger:1.1.22] AndroidManifest.xml:20:5-87
48-->[me.leolin:ShortcutBadger:1.1.22] AndroidManifest.xml:20:22-84
49    <uses-permission android:name="com.htc.launcher.permission.READ_SETTINGS" />
49-->[me.leolin:ShortcutBadger:1.1.22] AndroidManifest.xml:23:5-81
49-->[me.leolin:ShortcutBadger:1.1.22] AndroidManifest.xml:23:22-78
50    <uses-permission android:name="com.htc.launcher.permission.UPDATE_SHORTCUT" /> <!-- for sony -->
50-->[me.leolin:ShortcutBadger:1.1.22] AndroidManifest.xml:24:5-83
50-->[me.leolin:ShortcutBadger:1.1.22] AndroidManifest.xml:24:22-80
51    <uses-permission android:name="com.sonyericsson.home.permission.BROADCAST_BADGE" />
51-->[me.leolin:ShortcutBadger:1.1.22] AndroidManifest.xml:27:5-88
51-->[me.leolin:ShortcutBadger:1.1.22] AndroidManifest.xml:27:22-85
52    <uses-permission android:name="com.sonymobile.home.permission.PROVIDER_INSERT_BADGE" /> <!-- for apex -->
52-->[me.leolin:ShortcutBadger:1.1.22] AndroidManifest.xml:28:5-92
52-->[me.leolin:ShortcutBadger:1.1.22] AndroidManifest.xml:28:22-89
53    <uses-permission android:name="com.anddoes.launcher.permission.UPDATE_COUNT" /> <!-- for solid -->
53-->[me.leolin:ShortcutBadger:1.1.22] AndroidManifest.xml:31:5-84
53-->[me.leolin:ShortcutBadger:1.1.22] AndroidManifest.xml:31:22-81
54    <uses-permission android:name="com.majeur.launcher.permission.UPDATE_BADGE" /> <!-- for huawei -->
54-->[me.leolin:ShortcutBadger:1.1.22] AndroidManifest.xml:34:5-83
54-->[me.leolin:ShortcutBadger:1.1.22] AndroidManifest.xml:34:22-80
55    <uses-permission android:name="com.huawei.android.launcher.permission.CHANGE_BADGE" />
55-->[me.leolin:ShortcutBadger:1.1.22] AndroidManifest.xml:37:5-91
55-->[me.leolin:ShortcutBadger:1.1.22] AndroidManifest.xml:37:22-88
56    <uses-permission android:name="com.huawei.android.launcher.permission.READ_SETTINGS" />
56-->[me.leolin:ShortcutBadger:1.1.22] AndroidManifest.xml:38:5-92
56-->[me.leolin:ShortcutBadger:1.1.22] AndroidManifest.xml:38:22-89
57    <uses-permission android:name="com.huawei.android.launcher.permission.WRITE_SETTINGS" /> <!-- for ZUK -->
57-->[me.leolin:ShortcutBadger:1.1.22] AndroidManifest.xml:39:5-93
57-->[me.leolin:ShortcutBadger:1.1.22] AndroidManifest.xml:39:22-90
58    <uses-permission android:name="android.permission.READ_APP_BADGE" /> <!-- for OPPO -->
58-->[me.leolin:ShortcutBadger:1.1.22] AndroidManifest.xml:42:5-73
58-->[me.leolin:ShortcutBadger:1.1.22] AndroidManifest.xml:42:22-70
59    <uses-permission android:name="com.oppo.launcher.permission.READ_SETTINGS" />
59-->[me.leolin:ShortcutBadger:1.1.22] AndroidManifest.xml:45:5-82
59-->[me.leolin:ShortcutBadger:1.1.22] AndroidManifest.xml:45:22-79
60    <uses-permission android:name="com.oppo.launcher.permission.WRITE_SETTINGS" /> <!-- for EvMe -->
60-->[me.leolin:ShortcutBadger:1.1.22] AndroidManifest.xml:46:5-83
60-->[me.leolin:ShortcutBadger:1.1.22] AndroidManifest.xml:46:22-80
61    <uses-permission android:name="me.everything.badger.permission.BADGE_COUNT_READ" />
61-->[me.leolin:ShortcutBadger:1.1.22] AndroidManifest.xml:49:5-88
61-->[me.leolin:ShortcutBadger:1.1.22] AndroidManifest.xml:49:22-85
62    <uses-permission android:name="me.everything.badger.permission.BADGE_COUNT_WRITE" />
62-->[me.leolin:ShortcutBadger:1.1.22] AndroidManifest.xml:50:5-89
62-->[me.leolin:ShortcutBadger:1.1.22] AndroidManifest.xml:50:22-86
63
64    <application
64-->src/main/AndroidManifest.xml:16:5-40:19
65        android:name="com.tcc.MainApplication"
65-->src/main/AndroidManifest.xml:17:7-38
66        android:allowBackup="false"
66-->src/main/AndroidManifest.xml:21:7-34
67        android:appComponentFactory="androidx.core.app.CoreComponentFactory"
67-->[androidx.core:core:1.6.0] AndroidManifest.xml:24:18-86
68        android:debuggable="true"
69        android:icon="@mipmap/ic_launcher"
69-->src/main/AndroidManifest.xml:19:7-41
70        android:label="@string/app_name"
70-->src/main/AndroidManifest.xml:18:7-39
71        android:requestLegacyExternalStorage="true"
71-->src/main/AndroidManifest.xml:23:7-50
72        android:roundIcon="@mipmap/ic_launcher_round"
72-->src/main/AndroidManifest.xml:20:7-52
73        android:theme="@style/AppTheme"
73-->src/main/AndroidManifest.xml:22:7-38
74        android:usesCleartextTraffic="true" >
74-->src/debug/AndroidManifest.xml:8:9-44
75        <activity android:name="com.facebook.react.devsupport.DevSettingsActivity" />
75-->src/debug/AndroidManifest.xml:11:9-86
75-->src/debug/AndroidManifest.xml:11:19-83
76        <activity
76-->src/main/AndroidManifest.xml:25:7-38:18
77            android:name="com.tcc.MainActivity"
77-->src/main/AndroidManifest.xml:26:9-37
78            android:configChanges="keyboard|keyboardHidden|orientation|screenSize|uiMode"
78-->src/main/AndroidManifest.xml:28:9-86
79            android:label="@string/app_name"
79-->src/main/AndroidManifest.xml:27:9-41
80            android:launchMode="singleTask"
80-->src/main/AndroidManifest.xml:29:9-40
81            android:showWhenLocked="true"
81-->src/main/AndroidManifest.xml:31:9-38
82            android:turnScreenOn="true"
82-->src/main/AndroidManifest.xml:32:9-36
83            android:windowSoftInputMode="adjustResize" >
83-->src/main/AndroidManifest.xml:30:9-51
84            <intent-filter>
84-->src/main/AndroidManifest.xml:33:9-37:25
85                <action android:name="android.intent.action.MAIN" />
85-->src/main/AndroidManifest.xml:34:13-65
85-->src/main/AndroidManifest.xml:34:21-62
86
87                <category android:name="android.intent.category.LAUNCHER" />
87-->src/main/AndroidManifest.xml:35:13-73
87-->src/main/AndroidManifest.xml:35:23-70
88                <category android:name="android.intent.category.DEFAULT" />
88-->src/main/AndroidManifest.xml:36:13-72
88-->src/main/AndroidManifest.xml:36:23-69
89            </intent-filter>
90        </activity>
91
92        <service android:name="com.asterinet.react.bgactions.RNBackgroundActionsTask" />
92-->src/main/AndroidManifest.xml:39:7-87
92-->src/main/AndroidManifest.xml:39:16-84
93
94        <provider
94-->[:notifee_react-native] AndroidManifest.xml:10:9-14:40
95            android:name="io.invertase.notifee.NotifeeInitProvider"
95-->[:notifee_react-native] AndroidManifest.xml:11:13-68
96            android:authorities="com.tcc.notifee-init-provider"
96-->[:notifee_react-native] AndroidManifest.xml:12:13-73
97            android:exported="false"
97-->[:notifee_react-native] AndroidManifest.xml:13:13-37
98            android:initOrder="-100" />
98-->[:notifee_react-native] AndroidManifest.xml:14:13-37
99        <provider
99-->[:react-native-image-picker] AndroidManifest.xml:10:9-18:20
100            android:name="com.imagepicker.ImagePickerProvider"
100-->[:react-native-image-picker] AndroidManifest.xml:11:13-63
101            android:authorities="com.tcc.imagepickerprovider"
101-->[:react-native-image-picker] AndroidManifest.xml:12:13-71
102            android:exported="false"
102-->[:react-native-image-picker] AndroidManifest.xml:13:13-37
103            android:grantUriPermissions="true" >
103-->[:react-native-image-picker] AndroidManifest.xml:14:13-47
104            <meta-data
104-->[:react-native-image-picker] AndroidManifest.xml:15:13-17:70
105                android:name="android.support.FILE_PROVIDER_PATHS"
105-->[:react-native-image-picker] AndroidManifest.xml:16:17-67
106                android:resource="@xml/imagepicker_provider_paths" />
106-->[:react-native-image-picker] AndroidManifest.xml:17:17-67
107        </provider>
108
109        <service
109-->[:react-native-send-intent] AndroidManifest.xml:10:9-12:39
110            android:name="com.burnweb.rnsendintent.RNSendIntentModule"
110-->[:react-native-send-intent] AndroidManifest.xml:11:13-71
111            android:exported="true" />
111-->[:react-native-send-intent] AndroidManifest.xml:12:13-36
112
113        <provider
113-->[:react-native-send-intent] AndroidManifest.xml:14:9-22:20
114            android:name="com.burnweb.rnsendintent.FileProvider"
114-->[:react-native-send-intent] AndroidManifest.xml:15:13-65
115            android:authorities="com.tcc.fileprovider"
115-->[:react-native-send-intent] AndroidManifest.xml:16:13-64
116            android:exported="false"
116-->[:react-native-send-intent] AndroidManifest.xml:17:13-37
117            android:grantUriPermissions="true" >
117-->[:react-native-send-intent] AndroidManifest.xml:18:13-47
118            <meta-data
118-->[:react-native-image-picker] AndroidManifest.xml:15:13-17:70
119                android:name="android.support.FILE_PROVIDER_PATHS"
119-->[:react-native-image-picker] AndroidManifest.xml:16:17-67
120                android:resource="@xml/file_paths" />
120-->[:react-native-image-picker] AndroidManifest.xml:17:17-67
121        </provider>
122        <provider
122-->[androidx.work:work-runtime:2.7.1] AndroidManifest.xml:31:9-39:20
123            android:name="androidx.startup.InitializationProvider"
123-->[androidx.work:work-runtime:2.7.1] AndroidManifest.xml:32:13-67
124            android:authorities="com.tcc.androidx-startup"
124-->[androidx.work:work-runtime:2.7.1] AndroidManifest.xml:33:13-68
125            android:exported="false" >
125-->[androidx.work:work-runtime:2.7.1] AndroidManifest.xml:34:13-37
126            <meta-data
126-->[androidx.work:work-runtime:2.7.1] AndroidManifest.xml:36:13-38:52
127                android:name="androidx.work.WorkManagerInitializer"
127-->[androidx.work:work-runtime:2.7.1] AndroidManifest.xml:37:17-68
128                android:value="androidx.startup" />
128-->[androidx.work:work-runtime:2.7.1] AndroidManifest.xml:38:17-49
129        </provider>
130
131        <service
131-->[androidx.work:work-runtime:2.7.1] AndroidManifest.xml:41:9-46:35
132            android:name="androidx.work.impl.background.systemalarm.SystemAlarmService"
132-->[androidx.work:work-runtime:2.7.1] AndroidManifest.xml:42:13-88
133            android:directBootAware="false"
133-->[androidx.work:work-runtime:2.7.1] AndroidManifest.xml:43:13-44
134            android:enabled="@bool/enable_system_alarm_service_default"
134-->[androidx.work:work-runtime:2.7.1] AndroidManifest.xml:44:13-72
135            android:exported="false" />
135-->[androidx.work:work-runtime:2.7.1] AndroidManifest.xml:45:13-37
136        <service
136-->[androidx.work:work-runtime:2.7.1] AndroidManifest.xml:47:9-53:35
137            android:name="androidx.work.impl.background.systemjob.SystemJobService"
137-->[androidx.work:work-runtime:2.7.1] AndroidManifest.xml:48:13-84
138            android:directBootAware="false"
138-->[androidx.work:work-runtime:2.7.1] AndroidManifest.xml:49:13-44
139            android:enabled="@bool/enable_system_job_service_default"
139-->[androidx.work:work-runtime:2.7.1] AndroidManifest.xml:50:13-70
140            android:exported="true"
140-->[androidx.work:work-runtime:2.7.1] AndroidManifest.xml:51:13-36
141            android:permission="android.permission.BIND_JOB_SERVICE" />
141-->[androidx.work:work-runtime:2.7.1] AndroidManifest.xml:52:13-69
142        <service
142-->[androidx.work:work-runtime:2.7.1] AndroidManifest.xml:54:9-59:35
143            android:name="androidx.work.impl.foreground.SystemForegroundService"
143-->[androidx.work:work-runtime:2.7.1] AndroidManifest.xml:55:13-81
144            android:directBootAware="false"
144-->[androidx.work:work-runtime:2.7.1] AndroidManifest.xml:56:13-44
145            android:enabled="@bool/enable_system_foreground_service_default"
145-->[androidx.work:work-runtime:2.7.1] AndroidManifest.xml:57:13-77
146            android:exported="false" />
146-->[androidx.work:work-runtime:2.7.1] AndroidManifest.xml:58:13-37
147
148        <receiver
148-->[androidx.work:work-runtime:2.7.1] AndroidManifest.xml:61:9-66:35
149            android:name="androidx.work.impl.utils.ForceStopRunnable$BroadcastReceiver"
149-->[androidx.work:work-runtime:2.7.1] AndroidManifest.xml:62:13-88
150            android:directBootAware="false"
150-->[androidx.work:work-runtime:2.7.1] AndroidManifest.xml:63:13-44
151            android:enabled="true"
151-->[androidx.work:work-runtime:2.7.1] AndroidManifest.xml:64:13-35
152            android:exported="false" />
152-->[androidx.work:work-runtime:2.7.1] AndroidManifest.xml:65:13-37
153        <receiver
153-->[androidx.work:work-runtime:2.7.1] AndroidManifest.xml:67:9-77:20
154            android:name="androidx.work.impl.background.systemalarm.ConstraintProxy$BatteryChargingProxy"
154-->[androidx.work:work-runtime:2.7.1] AndroidManifest.xml:68:13-106
155            android:directBootAware="false"
155-->[androidx.work:work-runtime:2.7.1] AndroidManifest.xml:69:13-44
156            android:enabled="false"
156-->[androidx.work:work-runtime:2.7.1] AndroidManifest.xml:70:13-36
157            android:exported="false" >
157-->[androidx.work:work-runtime:2.7.1] AndroidManifest.xml:71:13-37
158            <intent-filter>
158-->[androidx.work:work-runtime:2.7.1] AndroidManifest.xml:73:13-76:29
159                <action android:name="android.intent.action.ACTION_POWER_CONNECTED" />
159-->[androidx.work:work-runtime:2.7.1] AndroidManifest.xml:74:17-87
159-->[androidx.work:work-runtime:2.7.1] AndroidManifest.xml:74:25-84
160                <action android:name="android.intent.action.ACTION_POWER_DISCONNECTED" />
160-->[androidx.work:work-runtime:2.7.1] AndroidManifest.xml:75:17-90
160-->[androidx.work:work-runtime:2.7.1] AndroidManifest.xml:75:25-87
161            </intent-filter>
162        </receiver>
163        <receiver
163-->[androidx.work:work-runtime:2.7.1] AndroidManifest.xml:78:9-88:20
164            android:name="androidx.work.impl.background.systemalarm.ConstraintProxy$BatteryNotLowProxy"
164-->[androidx.work:work-runtime:2.7.1] AndroidManifest.xml:79:13-104
165            android:directBootAware="false"
165-->[androidx.work:work-runtime:2.7.1] AndroidManifest.xml:80:13-44
166            android:enabled="false"
166-->[androidx.work:work-runtime:2.7.1] AndroidManifest.xml:81:13-36
167            android:exported="false" >
167-->[androidx.work:work-runtime:2.7.1] AndroidManifest.xml:82:13-37
168            <intent-filter>
168-->[androidx.work:work-runtime:2.7.1] AndroidManifest.xml:84:13-87:29
169                <action android:name="android.intent.action.BATTERY_OKAY" />
169-->[androidx.work:work-runtime:2.7.1] AndroidManifest.xml:85:17-77
169-->[androidx.work:work-runtime:2.7.1] AndroidManifest.xml:85:25-74
170                <action android:name="android.intent.action.BATTERY_LOW" />
170-->[androidx.work:work-runtime:2.7.1] AndroidManifest.xml:86:17-76
170-->[androidx.work:work-runtime:2.7.1] AndroidManifest.xml:86:25-73
171            </intent-filter>
172        </receiver>
173        <receiver
173-->[androidx.work:work-runtime:2.7.1] AndroidManifest.xml:89:9-99:20
174            android:name="androidx.work.impl.background.systemalarm.ConstraintProxy$StorageNotLowProxy"
174-->[androidx.work:work-runtime:2.7.1] AndroidManifest.xml:90:13-104
175            android:directBootAware="false"
175-->[androidx.work:work-runtime:2.7.1] AndroidManifest.xml:91:13-44
176            android:enabled="false"
176-->[androidx.work:work-runtime:2.7.1] AndroidManifest.xml:92:13-36
177            android:exported="false" >
177-->[androidx.work:work-runtime:2.7.1] AndroidManifest.xml:93:13-37
178            <intent-filter>
178-->[androidx.work:work-runtime:2.7.1] AndroidManifest.xml:95:13-98:29
179                <action android:name="android.intent.action.DEVICE_STORAGE_LOW" />
179-->[androidx.work:work-runtime:2.7.1] AndroidManifest.xml:96:17-83
179-->[androidx.work:work-runtime:2.7.1] AndroidManifest.xml:96:25-80
180                <action android:name="android.intent.action.DEVICE_STORAGE_OK" />
180-->[androidx.work:work-runtime:2.7.1] AndroidManifest.xml:97:17-82
180-->[androidx.work:work-runtime:2.7.1] AndroidManifest.xml:97:25-79
181            </intent-filter>
182        </receiver>
183        <receiver
183-->[androidx.work:work-runtime:2.7.1] AndroidManifest.xml:100:9-109:20
184            android:name="androidx.work.impl.background.systemalarm.ConstraintProxy$NetworkStateProxy"
184-->[androidx.work:work-runtime:2.7.1] AndroidManifest.xml:101:13-103
185            android:directBootAware="false"
185-->[androidx.work:work-runtime:2.7.1] AndroidManifest.xml:102:13-44
186            android:enabled="false"
186-->[androidx.work:work-runtime:2.7.1] AndroidManifest.xml:103:13-36
187            android:exported="false" >
187-->[androidx.work:work-runtime:2.7.1] AndroidManifest.xml:104:13-37
188            <intent-filter>
188-->[androidx.work:work-runtime:2.7.1] AndroidManifest.xml:106:13-108:29
189                <action android:name="android.net.conn.CONNECTIVITY_CHANGE" />
189-->[androidx.work:work-runtime:2.7.1] AndroidManifest.xml:107:17-79
189-->[androidx.work:work-runtime:2.7.1] AndroidManifest.xml:107:25-76
190            </intent-filter>
191        </receiver>
192        <receiver
192-->[androidx.work:work-runtime:2.7.1] AndroidManifest.xml:110:9-121:20
193            android:name="androidx.work.impl.background.systemalarm.RescheduleReceiver"
193-->[androidx.work:work-runtime:2.7.1] AndroidManifest.xml:111:13-88
194            android:directBootAware="false"
194-->[androidx.work:work-runtime:2.7.1] AndroidManifest.xml:112:13-44
195            android:enabled="false"
195-->[androidx.work:work-runtime:2.7.1] AndroidManifest.xml:113:13-36
196            android:exported="false" >
196-->[androidx.work:work-runtime:2.7.1] AndroidManifest.xml:114:13-37
197            <intent-filter>
197-->[androidx.work:work-runtime:2.7.1] AndroidManifest.xml:116:13-120:29
198                <action android:name="android.intent.action.BOOT_COMPLETED" />
198-->[androidx.work:work-runtime:2.7.1] AndroidManifest.xml:117:17-79
198-->[androidx.work:work-runtime:2.7.1] AndroidManifest.xml:117:25-76
199                <action android:name="android.intent.action.TIME_SET" />
199-->[androidx.work:work-runtime:2.7.1] AndroidManifest.xml:118:17-73
199-->[androidx.work:work-runtime:2.7.1] AndroidManifest.xml:118:25-70
200                <action android:name="android.intent.action.TIMEZONE_CHANGED" />
200-->[androidx.work:work-runtime:2.7.1] AndroidManifest.xml:119:17-81
200-->[androidx.work:work-runtime:2.7.1] AndroidManifest.xml:119:25-78
201            </intent-filter>
202        </receiver>
203        <receiver
203-->[androidx.work:work-runtime:2.7.1] AndroidManifest.xml:122:9-131:20
204            android:name="androidx.work.impl.background.systemalarm.ConstraintProxyUpdateReceiver"
204-->[androidx.work:work-runtime:2.7.1] AndroidManifest.xml:123:13-99
205            android:directBootAware="false"
205-->[androidx.work:work-runtime:2.7.1] AndroidManifest.xml:124:13-44
206            android:enabled="@bool/enable_system_alarm_service_default"
206-->[androidx.work:work-runtime:2.7.1] AndroidManifest.xml:125:13-72
207            android:exported="false" >
207-->[androidx.work:work-runtime:2.7.1] AndroidManifest.xml:126:13-37
208            <intent-filter>
208-->[androidx.work:work-runtime:2.7.1] AndroidManifest.xml:128:13-130:29
209                <action android:name="androidx.work.impl.background.systemalarm.UpdateProxies" />
209-->[androidx.work:work-runtime:2.7.1] AndroidManifest.xml:129:17-98
209-->[androidx.work:work-runtime:2.7.1] AndroidManifest.xml:129:25-95
210            </intent-filter>
211        </receiver>
212        <receiver
212-->[androidx.work:work-runtime:2.7.1] AndroidManifest.xml:132:9-142:20
213            android:name="androidx.work.impl.diagnostics.DiagnosticsReceiver"
213-->[androidx.work:work-runtime:2.7.1] AndroidManifest.xml:133:13-78
214            android:directBootAware="false"
214-->[androidx.work:work-runtime:2.7.1] AndroidManifest.xml:134:13-44
215            android:enabled="true"
215-->[androidx.work:work-runtime:2.7.1] AndroidManifest.xml:135:13-35
216            android:exported="true"
216-->[androidx.work:work-runtime:2.7.1] AndroidManifest.xml:136:13-36
217            android:permission="android.permission.DUMP" >
217-->[androidx.work:work-runtime:2.7.1] AndroidManifest.xml:137:13-57
218            <intent-filter>
218-->[androidx.work:work-runtime:2.7.1] AndroidManifest.xml:139:13-141:29
219                <action android:name="androidx.work.diagnostics.REQUEST_DIAGNOSTICS" />
219-->[androidx.work:work-runtime:2.7.1] AndroidManifest.xml:140:17-88
219-->[androidx.work:work-runtime:2.7.1] AndroidManifest.xml:140:25-85
220            </intent-filter>
221        </receiver>
222
223        <service
223-->[androidx.room:room-runtime:2.2.5] AndroidManifest.xml:25:9-28:40
224            android:name="androidx.room.MultiInstanceInvalidationService"
224-->[androidx.room:room-runtime:2.2.5] AndroidManifest.xml:26:13-74
225            android:directBootAware="true"
225-->[androidx.room:room-runtime:2.2.5] AndroidManifest.xml:27:13-43
226            android:exported="false" />
226-->[androidx.room:room-runtime:2.2.5] AndroidManifest.xml:28:13-37
227        <service
227-->[com.google.android.gms:play-services-mlkit-barcode-scanning:16.2.0] AndroidManifest.xml:9:9-15:19
228            android:name="com.google.mlkit.common.internal.MlKitComponentDiscoveryService"
228-->[com.google.android.gms:play-services-mlkit-barcode-scanning:16.2.0] AndroidManifest.xml:10:13-91
229            android:directBootAware="true"
229-->[com.google.mlkit:common:17.2.0] AndroidManifest.xml:17:13-43
230            android:exported="false" >
230-->[com.google.android.gms:play-services-mlkit-barcode-scanning:16.2.0] AndroidManifest.xml:11:13-37
231            <meta-data
231-->[com.google.android.gms:play-services-mlkit-barcode-scanning:16.2.0] AndroidManifest.xml:12:13-14:85
232                android:name="com.google.firebase.components:com.google.mlkit.vision.barcode.internal.BarcodeRegistrar"
232-->[com.google.android.gms:play-services-mlkit-barcode-scanning:16.2.0] AndroidManifest.xml:13:17-120
233                android:value="com.google.firebase.components.ComponentRegistrar" />
233-->[com.google.android.gms:play-services-mlkit-barcode-scanning:16.2.0] AndroidManifest.xml:14:17-82
234            <meta-data
234-->[com.google.android.gms:play-services-mlkit-face-detection:16.2.0] AndroidManifest.xml:12:13-14:85
235                android:name="com.google.firebase.components:com.google.mlkit.vision.face.internal.FaceRegistrar"
235-->[com.google.android.gms:play-services-mlkit-face-detection:16.2.0] AndroidManifest.xml:13:17-114
236                android:value="com.google.firebase.components.ComponentRegistrar" />
236-->[com.google.android.gms:play-services-mlkit-face-detection:16.2.0] AndroidManifest.xml:14:17-82
237            <meta-data
237-->[com.google.android.gms:play-services-mlkit-text-recognition:16.3.0] AndroidManifest.xml:12:13-14:85
238                android:name="com.google.firebase.components:com.google.mlkit.vision.text.internal.TextRegistrar"
238-->[com.google.android.gms:play-services-mlkit-text-recognition:16.3.0] AndroidManifest.xml:13:17-114
239                android:value="com.google.firebase.components.ComponentRegistrar" />
239-->[com.google.android.gms:play-services-mlkit-text-recognition:16.3.0] AndroidManifest.xml:14:17-82
240            <meta-data
240-->[com.google.mlkit:vision-common:16.5.0] AndroidManifest.xml:12:13-14:85
241                android:name="com.google.firebase.components:com.google.mlkit.vision.common.internal.VisionCommonRegistrar"
241-->[com.google.mlkit:vision-common:16.5.0] AndroidManifest.xml:13:17-124
242                android:value="com.google.firebase.components.ComponentRegistrar" />
242-->[com.google.mlkit:vision-common:16.5.0] AndroidManifest.xml:14:17-82
243            <meta-data
243-->[com.google.mlkit:common:17.2.0] AndroidManifest.xml:20:13-22:85
244                android:name="com.google.firebase.components:com.google.mlkit.common.internal.CommonComponentRegistrar"
244-->[com.google.mlkit:common:17.2.0] AndroidManifest.xml:21:17-120
245                android:value="com.google.firebase.components.ComponentRegistrar" />
245-->[com.google.mlkit:common:17.2.0] AndroidManifest.xml:22:17-82
246        </service>
247
248        <receiver
248-->[com.google.firebase:firebase-messaging:21.1.0] AndroidManifest.xml:28:9-35:20